<?xml version="1.0" encoding="UTF-8"?>
<!-- Generated by org.testng.reporters.JUnitReportReporter -->
<testsuite hostname="DESKTOP-OB0J118" failures="0" tests="1" name="TestNg.TestCases" time="0.001" errors="0" timestamp="2020-12-21T11:56:18 IST" skipped="0">
  <testcase classname="TestNg.TestCases" name="firstTestCase" time="0.001"/>
  <system-out/>
</testsuite> <!-- TestNg.TestCases -->
