<?xml version="1.0" encoding="UTF-8"?>
<!-- Generated by org.testng.reporters.JUnitReportReporter -->
<testsuite hostname="DESKTOP-OB0J118" failures="0" tests="1" name="shoppingSite.TestCase_4" time="39.133" errors="0" timestamp="2020-12-21T11:56:19 IST" skipped="0">
  <testcase classname="shoppingSite.TestCase_4" name="totalValidation" time="39.133"/>
  <system-out/>
</testsuite> <!-- shoppingSite.TestCase_4 -->
